{"/Users/ianturner/apps/kitchen-sink/src/app/App.tsx": {"path":"/Users/ianturner/apps/kitchen-sink/src/app/App.tsx","statementMap":{"0":{"start":{"line":7,"column":12},"end":{"line":19,"column":1}},"1":{"start":{"line":8,"column":2},"end":{"line":18,"column":4}}},"fnMap":{"0":{"name":"(anonymous_0)","decl":{"start":{"line":7,"column":12},"end":{"line":7,"column":13}},"loc":{"start":{"line":7,"column":18},"end":{"line":19,"column":1}},"line":7}},"branchMap":{},"s":{"0":0,"1":0},"f":{"0":0},"b":{}}
,"/Users/ianturner/apps/kitchen-sink/src/app/index.tsx": {"path":"/Users/ianturner/apps/kitchen-sink/src/app/index.tsx","statementMap":{"0":{"start":{"line":6,"column":13},"end":{"line":6,"column":71}},"1":{"start":{"line":8,"column":0},"end":{"line":12,"column":2}}},"fnMap":{},"branchMap":{},"s":{"0":0,"1":0},"f":{},"b":{}}
,"/Users/ianturner/apps/kitchen-sink/src/app/providers.tsx": {"path":"/Users/ianturner/apps/kitchen-sink/src/app/providers.tsx","statementMap":{"0":{"start":{"line":18,"column":2},"end":{"line":18,"column":69}},"1":{"start":{"line":20,"column":18},"end":{"line":41,"column":1}},"2":{"start":{"line":25,"column":2},"end":{"line":40,"column":4}}},"fnMap":{"0":{"name":"(anonymous_0)","decl":{"start":{"line":20,"column":18},"end":{"line":20,"column":19}},"loc":{"start":{"line":24,"column":22},"end":{"line":41,"column":1}},"line":24}},"branchMap":{"0":{"loc":{"start":{"line":18,"column":2},"end":{"line":18,"column":69}},"type":"binary-expr","locations":[{"start":{"line":18,"column":2},"end":{"line":18,"column":32}},{"start":{"line":18,"column":36},"end":{"line":18,"column":69}}],"line":18},"1":{"loc":{"start":{"line":23,"column":2},"end":{"line":23,"column":22}},"type":"default-arg","locations":[{"start":{"line":23,"column":10},"end":{"line":23,"column":22}}],"line":23},"2":{"loc":{"start":{"line":29,"column":11},"end":{"line":33,"column":11}},"type":"binary-expr","locations":[{"start":{"line":29,"column":11},"end":{"line":29,"column":22}},{"start":{"line":30,"column":12},"end":{"line":32,"column":29}}],"line":29},"3":{"loc":{"start":{"line":34,"column":11},"end":{"line":36,"column":11}},"type":"binary-expr","locations":[{"start":{"line":34,"column":11},"end":{"line":34,"column":23}},{"start":{"line":35,"column":12},"end":{"line":35,"column":71}}],"line":34}},"s":{"0":3,"1":3,"2":5},"f":{"0":5},"b":{"0":[3,3],"1":[3],"2":[5,5],"3":[5,0]},"_coverageSchema":"1a1c01bbd47fc00a2c39e90264f33305004495a9","hash":"fd2de39c2c4cef8e73643b118b1b087e3ba6b4fd"}
,"/Users/ianturner/apps/kitchen-sink/src/app/store.ts": {"path":"/Users/ianturner/apps/kitchen-sink/src/app/store.ts","statementMap":{},"fnMap":{},"branchMap":{},"s":{},"f":{},"b":{},"_coverageSchema":"1a1c01bbd47fc00a2c39e90264f33305004495a9","hash":"f5d5eb0d2a42b54f7e7305d9fe268ed4146fc2aa"}
,"/Users/ianturner/apps/kitchen-sink/src/app/components/index.ts": {"path":"/Users/ianturner/apps/kitchen-sink/src/app/components/index.ts","statementMap":{},"fnMap":{},"branchMap":{},"s":{},"f":{},"b":{},"_coverageSchema":"1a1c01bbd47fc00a2c39e90264f33305004495a9","hash":"29861552898853135b69f62007bcfdcd806a62b6"}
,"/Users/ianturner/apps/kitchen-sink/src/app/components/button/Button.tsx": {"path":"/Users/ianturner/apps/kitchen-sink/src/app/components/button/Button.tsx","statementMap":{"0":{"start":{"line":5,"column":15},"end":{"line":13,"column":1}},"1":{"start":{"line":7,"column":4},"end":{"line":11,"column":6}},"2":{"start":{"line":15,"column":0},"end":{"line":15,"column":30}}},"fnMap":{"0":{"name":"(anonymous_0)","decl":{"start":{"line":6,"column":2},"end":{"line":6,"column":3}},"loc":{"start":{"line":6,"column":43},"end":{"line":12,"column":3}},"line":6}},"branchMap":{},"s":{"0":4,"1":10,"2":4},"f":{"0":10},"b":{},"_coverageSchema":"1a1c01bbd47fc00a2c39e90264f33305004495a9","hash":"7e325628f22871d2947149507e59a9faeadb0d4e"}
,"/Users/ianturner/apps/kitchen-sink/src/app/components/button/Button.types.ts": {"path":"/Users/ianturner/apps/kitchen-sink/src/app/components/button/Button.types.ts","statementMap":{},"fnMap":{},"branchMap":{},"s":{},"f":{},"b":{}}
,"/Users/ianturner/apps/kitchen-sink/src/app/components/button/button.styled.ts": {"path":"/Users/ianturner/apps/kitchen-sink/src/app/components/button/button.styled.ts","statementMap":{"0":{"start":{"line":5,"column":20},"end":{"line":16,"column":1}},"1":{"start":{"line":18,"column":21},"end":{"line":79,"column":1}},"2":{"start":{"line":19,"column":48},"end":{"line":78,"column":3}}},"fnMap":{"0":{"name":"(anonymous_0)","decl":{"start":{"line":19,"column":2},"end":{"line":19,"column":3}},"loc":{"start":{"line":19,"column":48},"end":{"line":78,"column":3}},"line":19}},"branchMap":{"0":{"loc":{"start":{"line":19,"column":5},"end":{"line":19,"column":22}},"type":"default-arg","locations":[{"start":{"line":19,"column":13},"end":{"line":19,"column":22}}],"line":19},"1":{"loc":{"start":{"line":19,"column":24},"end":{"line":19,"column":41}},"type":"default-arg","locations":[{"start":{"line":19,"column":34},"end":{"line":19,"column":41}}],"line":19},"2":{"loc":{"start":{"line":35,"column":6},"end":{"line":52,"column":5}},"type":"binary-expr","locations":[{"start":{"line":35,"column":6},"end":{"line":35,"column":25}},{"start":{"line":36,"column":4},"end":{"line":52,"column":5}}],"line":35},"3":{"loc":{"start":{"line":54,"column":6},"end":{"line":72,"column":5}},"type":"binary-expr","locations":[{"start":{"line":54,"column":6},"end":{"line":54,"column":24}},{"start":{"line":55,"column":4},"end":{"line":72,"column":5}}],"line":54}},"s":{"0":4,"1":4,"2":10},"f":{"0":10},"b":{"0":[7],"1":[4],"2":[10,4],"3":[10,6]},"_coverageSchema":"1a1c01bbd47fc00a2c39e90264f33305004495a9","hash":"19c89f50fb32fb263924db8bbb943467593e0b5d"}
,"/Users/ianturner/apps/kitchen-sink/src/app/components/button/index.ts": {"path":"/Users/ianturner/apps/kitchen-sink/src/app/components/button/index.ts","statementMap":{},"fnMap":{},"branchMap":{},"s":{},"f":{},"b":{},"_coverageSchema":"1a1c01bbd47fc00a2c39e90264f33305004495a9","hash":"7906ccd20ecdb1522674d41dc34654959cffdd4f"}
,"/Users/ianturner/apps/kitchen-sink/src/app/features/index.ts": {"path":"/Users/ianturner/apps/kitchen-sink/src/app/features/index.ts","statementMap":{},"fnMap":{},"branchMap":{},"s":{},"f":{},"b":{}}
,"/Users/ianturner/apps/kitchen-sink/src/app/features/notifications/Notifications.tsx": {"path":"/Users/ianturner/apps/kitchen-sink/src/app/features/notifications/Notifications.tsx","statementMap":{"0":{"start":{"line":8,"column":22},"end":{"line":37,"column":1}},"1":{"start":{"line":9,"column":21},"end":{"line":9,"column":32}},"2":{"start":{"line":11,"column":45},"end":{"line":11,"column":63}},"3":{"start":{"line":13,"column":2},"end":{"line":15,"column":9}},"4":{"start":{"line":14,"column":4},"end":{"line":14,"column":12}},"5":{"start":{"line":17,"column":2},"end":{"line":28,"column":25}},"6":{"start":{"line":18,"column":4},"end":{"line":27,"column":5}},"7":{"start":{"line":20,"column":6},"end":{"line":22,"column":9}},"8":{"start":{"line":21,"column":8},"end":{"line":21,"column":23}},"9":{"start":{"line":24,"column":6},"end":{"line":26,"column":8}},"10":{"start":{"line":25,"column":8},"end":{"line":25,"column":29}},"11":{"start":{"line":30,"column":2},"end":{"line":36,"column":4}},"12":{"start":{"line":33,"column":8},"end":{"line":33,"column":60}}},"fnMap":{"0":{"name":"(anonymous_0)","decl":{"start":{"line":8,"column":22},"end":{"line":8,"column":23}},"loc":{"start":{"line":8,"column":73},"end":{"line":37,"column":1}},"line":8},"1":{"name":"(anonymous_1)","decl":{"start":{"line":13,"column":12},"end":{"line":13,"column":13}},"loc":{"start":{"line":13,"column":18},"end":{"line":15,"column":3}},"line":13},"2":{"name":"(anonymous_2)","decl":{"start":{"line":17,"column":12},"end":{"line":17,"column":13}},"loc":{"start":{"line":17,"column":18},"end":{"line":28,"column":3}},"line":17},"3":{"name":"(anonymous_3)","decl":{"start":{"line":20,"column":26},"end":{"line":20,"column":27}},"loc":{"start":{"line":20,"column":55},"end":{"line":22,"column":7}},"line":20},"4":{"name":"(anonymous_4)","decl":{"start":{"line":24,"column":13},"end":{"line":24,"column":14}},"loc":{"start":{"line":24,"column":19},"end":{"line":26,"column":7}},"line":24},"5":{"name":"(anonymous_5)","decl":{"start":{"line":32,"column":25},"end":{"line":32,"column":26}},"loc":{"start":{"line":33,"column":8},"end":{"line":33,"column":60}},"line":33}},"branchMap":{"0":{"loc":{"start":{"line":18,"column":4},"end":{"line":27,"column":5}},"type":"if","locations":[{"start":{"line":18,"column":4},"end":{"line":27,"column":5}},{"start":{},"end":{}}],"line":18}},"s":{"0":3,"1":2,"2":2,"3":2,"4":2,"5":2,"6":2,"7":2,"8":1,"9":2,"10":2,"11":2,"12":0},"f":{"0":2,"1":2,"2":2,"3":1,"4":2,"5":0},"b":{"0":[2,0]},"_coverageSchema":"1a1c01bbd47fc00a2c39e90264f33305004495a9","hash":"d011e559c49adcf5afd3c99a8ec29437f76f9d6a"}
,"/Users/ianturner/apps/kitchen-sink/src/app/features/notifications/Notifications.types.ts": {"path":"/Users/ianturner/apps/kitchen-sink/src/app/features/notifications/Notifications.types.ts","statementMap":{},"fnMap":{},"branchMap":{},"s":{},"f":{},"b":{}}
,"/Users/ianturner/apps/kitchen-sink/src/app/features/notifications/index.ts": {"path":"/Users/ianturner/apps/kitchen-sink/src/app/features/notifications/index.ts","statementMap":{},"fnMap":{},"branchMap":{},"s":{},"f":{},"b":{},"_coverageSchema":"1a1c01bbd47fc00a2c39e90264f33305004495a9","hash":"9c4897293304ab4fc41a49c438fdbfb3b33b608a"}
,"/Users/ianturner/apps/kitchen-sink/src/app/features/notifications/notifications.queries.ts": {"path":"/Users/ianturner/apps/kitchen-sink/src/app/features/notifications/notifications.queries.ts","statementMap":{"0":{"start":{"line":3,"column":27},"end":{"line":10,"column":1}},"1":{"start":{"line":12,"column":25},"end":{"line":19,"column":1}}},"fnMap":{},"branchMap":{},"s":{"0":3,"1":3},"f":{},"b":{},"_coverageSchema":"1a1c01bbd47fc00a2c39e90264f33305004495a9","hash":"04170f2d620ae2c84935d49ca80f0038f4effe00"}
,"/Users/ianturner/apps/kitchen-sink/src/app/features/notifications/notifications.slice.ts": {"path":"/Users/ianturner/apps/kitchen-sink/src/app/features/notifications/notifications.slice.ts","statementMap":{"0":{"start":{"line":4,"column":26},"end":{"line":34,"column":2}},"1":{"start":{"line":14,"column":6},"end":{"line":14,"column":46}},"2":{"start":{"line":20,"column":20},"end":{"line":20,"column":45}},"3":{"start":{"line":21,"column":6},"end":{"line":21,"column":36}},"4":{"start":{"line":27,"column":20},"end":{"line":27,"column":76}},"5":{"start":{"line":27,"column":54},"end":{"line":27,"column":75}},"6":{"start":{"line":29,"column":6},"end":{"line":31,"column":7}},"7":{"start":{"line":30,"column":8},"end":{"line":30,"column":37}},"8":{"start":{"line":36,"column":27},"end":{"line":36,"column":44}}},"fnMap":{"0":{"name":"(anonymous_0)","decl":{"start":{"line":10,"column":10},"end":{"line":10,"column":11}},"loc":{"start":{"line":13,"column":9},"end":{"line":15,"column":5}},"line":13},"1":{"name":"(anonymous_1)","decl":{"start":{"line":16,"column":9},"end":{"line":16,"column":10}},"loc":{"start":{"line":19,"column":9},"end":{"line":22,"column":5}},"line":19},"2":{"name":"(anonymous_2)","decl":{"start":{"line":23,"column":12},"end":{"line":23,"column":13}},"loc":{"start":{"line":26,"column":9},"end":{"line":32,"column":5}},"line":26},"3":{"name":"(anonymous_3)","decl":{"start":{"line":27,"column":42},"end":{"line":27,"column":43}},"loc":{"start":{"line":27,"column":54},"end":{"line":27,"column":75}},"line":27}},"branchMap":{"0":{"loc":{"start":{"line":29,"column":6},"end":{"line":31,"column":7}},"type":"if","locations":[{"start":{"line":29,"column":6},"end":{"line":31,"column":7}},{"start":{},"end":{}}],"line":29}},"s":{"0":3,"1":1,"2":1,"3":1,"4":2,"5":4,"6":2,"7":1,"8":3},"f":{"0":1,"1":1,"2":2,"3":4},"b":{"0":[1,1]},"_coverageSchema":"1a1c01bbd47fc00a2c39e90264f33305004495a9","hash":"d9e316573bdc983509d4a9f91ea1f23db2429625"}
,"/Users/ianturner/apps/kitchen-sink/src/app/features/notifications/notifications.styled.ts": {"path":"/Users/ianturner/apps/kitchen-sink/src/app/features/notifications/notifications.styled.ts","statementMap":{"0":{"start":{"line":4,"column":21},"end":{"line":11,"column":1}},"1":{"start":{"line":13,"column":28},"end":{"line":61,"column":1}},"2":{"start":{"line":14,"column":8},"end":{"line":60,"column":3}}},"fnMap":{"0":{"name":"(anonymous_0)","decl":{"start":{"line":14,"column":2},"end":{"line":14,"column":3}},"loc":{"start":{"line":14,"column":8},"end":{"line":60,"column":3}},"line":14}},"branchMap":{},"s":{"0":3,"1":3,"2":2},"f":{"0":2},"b":{},"_coverageSchema":"1a1c01bbd47fc00a2c39e90264f33305004495a9","hash":"ddd8798db22b00db06643a7ec2d9c9fd72b3d1d2"}
,"/Users/ianturner/apps/kitchen-sink/src/app/features/notifications/useNotifications.ts": {"path":"/Users/ianturner/apps/kitchen-sink/src/app/features/notifications/useNotifications.ts","statementMap":{"0":{"start":{"line":8,"column":25},"end":{"line":59,"column":1}},"1":{"start":{"line":9,"column":21},"end":{"line":9,"column":32}},"2":{"start":{"line":11,"column":19},"end":{"line":11,"column":32}},"3":{"start":{"line":13,"column":19},"end":{"line":21,"column":4}},"4":{"start":{"line":23,"column":18},"end":{"line":30,"column":4}},"5":{"start":{"line":26,"column":6},"end":{"line":28,"column":7}},"6":{"start":{"line":27,"column":8},"end":{"line":27,"column":51}},"7":{"start":{"line":32,"column":24},"end":{"line":38,"column":3}},"8":{"start":{"line":37,"column":10},"end":{"line":37,"column":35}},"9":{"start":{"line":40,"column":19},"end":{"line":43,"column":3}},"10":{"start":{"line":42,"column":4},"end":{"line":42,"column":40}},"11":{"start":{"line":45,"column":15},"end":{"line":56,"column":3}},"12":{"start":{"line":47,"column":15},"end":{"line":47,"column":50}},"13":{"start":{"line":49,"column":4},"end":{"line":55,"column":5}},"14":{"start":{"line":50,"column":6},"end":{"line":52,"column":9}},"15":{"start":{"line":58,"column":2},"end":{"line":58,"column":50}}},"fnMap":{"0":{"name":"(anonymous_0)","decl":{"start":{"line":8,"column":25},"end":{"line":8,"column":26}},"loc":{"start":{"line":8,"column":31},"end":{"line":59,"column":1}},"line":8},"1":{"name":"(anonymous_1)","decl":{"start":{"line":24,"column":17},"end":{"line":24,"column":18}},"loc":{"start":{"line":24,"column":27},"end":{"line":29,"column":5}},"line":24},"2":{"name":"(anonymous_2)","decl":{"start":{"line":33,"column":4},"end":{"line":33,"column":5}},"loc":{"start":{"line":37,"column":10},"end":{"line":37,"column":35}},"line":37},"3":{"name":"(anonymous_3)","decl":{"start":{"line":40,"column":19},"end":{"line":40,"column":20}},"loc":{"start":{"line":40,"column":56},"end":{"line":43,"column":3}},"line":40},"4":{"name":"(anonymous_4)","decl":{"start":{"line":45,"column":15},"end":{"line":45,"column":16}},"loc":{"start":{"line":45,"column":42},"end":{"line":56,"column":3}},"line":45}},"branchMap":{"0":{"loc":{"start":{"line":26,"column":6},"end":{"line":28,"column":7}},"type":"if","locations":[{"start":{"line":26,"column":6},"end":{"line":28,"column":7}},{"start":{},"end":{}}],"line":26}},"s":{"0":3,"1":4,"2":4,"3":4,"4":4,"5":3,"6":3,"7":4,"8":2,"9":4,"10":1,"11":4,"12":1,"13":1,"14":1,"15":4},"f":{"0":4,"1":3,"2":2,"3":1,"4":1},"b":{"0":[3,0]},"_coverageSchema":"1a1c01bbd47fc00a2c39e90264f33305004495a9","hash":"1e9a86d6f0f9d59d91058d39dc083f191dd3d05a"}
,"/Users/ianturner/apps/kitchen-sink/src/app/features/notifications/components/ListItem.tsx": {"path":"/Users/ianturner/apps/kitchen-sink/src/app/features/notifications/components/ListItem.tsx","statementMap":{"0":{"start":{"line":9,"column":17},"end":{"line":58,"column":1}},"1":{"start":{"line":10,"column":34},"end":{"line":10,"column":49}},"2":{"start":{"line":12,"column":19},"end":{"line":12,"column":32}},"3":{"start":{"line":14,"column":18},"end":{"line":14,"column":30}},"4":{"start":{"line":16,"column":2},"end":{"line":16,"column":41}},"5":{"start":{"line":16,"column":18},"end":{"line":16,"column":35}},"6":{"start":{"line":18,"column":2},"end":{"line":57,"column":4}},"7":{"start":{"line":23,"column":22},"end":{"line":23,"column":50}},"8":{"start":{"line":27,"column":8},"end":{"line":54,"column":13}},"9":{"start":{"line":33,"column":27},"end":{"line":33,"column":45}}},"fnMap":{"0":{"name":"(anonymous_0)","decl":{"start":{"line":9,"column":17},"end":{"line":9,"column":18}},"loc":{"start":{"line":9,"column":63},"end":{"line":58,"column":1}},"line":9},"1":{"name":"(anonymous_1)","decl":{"start":{"line":16,"column":12},"end":{"line":16,"column":13}},"loc":{"start":{"line":16,"column":18},"end":{"line":16,"column":35}},"line":16},"2":{"name":"(anonymous_2)","decl":{"start":{"line":23,"column":16},"end":{"line":23,"column":17}},"loc":{"start":{"line":23,"column":22},"end":{"line":23,"column":50}},"line":23},"3":{"name":"(anonymous_3)","decl":{"start":{"line":26,"column":7},"end":{"line":26,"column":8}},"loc":{"start":{"line":27,"column":8},"end":{"line":54,"column":13}},"line":27},"4":{"name":"(anonymous_4)","decl":{"start":{"line":33,"column":21},"end":{"line":33,"column":22}},"loc":{"start":{"line":33,"column":27},"end":{"line":33,"column":45}},"line":33}},"branchMap":{},"s":{"0":3,"1":3,"2":3,"3":3,"4":3,"5":1,"6":3,"7":1,"8":6,"9":1},"f":{"0":3,"1":1,"2":1,"3":6,"4":1},"b":{},"_coverageSchema":"1a1c01bbd47fc00a2c39e90264f33305004495a9","hash":"3c62fb3dbc29c12f23adb7e38df537006c10ee38"}
,"/Users/ianturner/apps/kitchen-sink/src/app/lib/apollo-client.ts": {"path":"/Users/ianturner/apps/kitchen-sink/src/app/lib/apollo-client.ts","statementMap":{"0":{"start":{"line":5,"column":2},"end":{"line":5,"column":77}},"1":{"start":{"line":7,"column":15},"end":{"line":13,"column":2}}},"fnMap":{},"branchMap":{"0":{"loc":{"start":{"line":5,"column":2},"end":{"line":5,"column":77}},"type":"cond-expr","locations":[{"start":{"line":5,"column":42},"end":{"line":5,"column":51}},{"start":{"line":5,"column":54},"end":{"line":5,"column":77}}],"line":5}},"s":{"0":3,"1":3},"f":{},"b":{"0":[0,3]},"_coverageSchema":"1a1c01bbd47fc00a2c39e90264f33305004495a9","hash":"88becb89329eee187db6f37fc9731c0b503f2a1a"}
,"/Users/ianturner/apps/kitchen-sink/src/app/lib/socket.tsx": {"path":"/Users/ianturner/apps/kitchen-sink/src/app/lib/socket.tsx","statementMap":{"0":{"start":{"line":12,"column":2},"end":{"line":12,"column":77}},"1":{"start":{"line":14,"column":22},"end":{"line":14,"column":73}},"2":{"start":{"line":16,"column":23},"end":{"line":42,"column":1}},"3":{"start":{"line":18,"column":40},"end":{"line":18,"column":55}},"4":{"start":{"line":21,"column":17},"end":{"line":21,"column":63}},"5":{"start":{"line":23,"column":2},"end":{"line":35,"column":9}},"6":{"start":{"line":24,"column":4},"end":{"line":24,"column":61}},"7":{"start":{"line":24,"column":39},"end":{"line":24,"column":59}},"8":{"start":{"line":25,"column":4},"end":{"line":25,"column":65}},"9":{"start":{"line":25,"column":42},"end":{"line":25,"column":63}},"10":{"start":{"line":27,"column":4},"end":{"line":27,"column":29}},"11":{"start":{"line":29,"column":4},"end":{"line":34,"column":6}},"12":{"start":{"line":30,"column":6},"end":{"line":30,"column":36}},"13":{"start":{"line":31,"column":6},"end":{"line":31,"column":39}},"14":{"start":{"line":33,"column":6},"end":{"line":33,"column":34}},"15":{"start":{"line":37,"column":2},"end":{"line":41,"column":4}},"16":{"start":{"line":44,"column":18},"end":{"line":44,"column":49}},"17":{"start":{"line":44,"column":24},"end":{"line":44,"column":49}}},"fnMap":{"0":{"name":"(anonymous_0)","decl":{"start":{"line":16,"column":23},"end":{"line":16,"column":24}},"loc":{"start":{"line":16,"column":66},"end":{"line":42,"column":1}},"line":16},"1":{"name":"(anonymous_1)","decl":{"start":{"line":23,"column":12},"end":{"line":23,"column":13}},"loc":{"start":{"line":23,"column":18},"end":{"line":35,"column":3}},"line":23},"2":{"name":"(anonymous_2)","decl":{"start":{"line":24,"column":33},"end":{"line":24,"column":34}},"loc":{"start":{"line":24,"column":39},"end":{"line":24,"column":59}},"line":24},"3":{"name":"(anonymous_3)","decl":{"start":{"line":25,"column":36},"end":{"line":25,"column":37}},"loc":{"start":{"line":25,"column":42},"end":{"line":25,"column":63}},"line":25},"4":{"name":"(anonymous_4)","decl":{"start":{"line":29,"column":11},"end":{"line":29,"column":12}},"loc":{"start":{"line":29,"column":17},"end":{"line":34,"column":5}},"line":29},"5":{"name":"(anonymous_5)","decl":{"start":{"line":44,"column":18},"end":{"line":44,"column":19}},"loc":{"start":{"line":44,"column":24},"end":{"line":44,"column":49}},"line":44}},"branchMap":{"0":{"loc":{"start":{"line":12,"column":2},"end":{"line":12,"column":77}},"type":"cond-expr","locations":[{"start":{"line":12,"column":42},"end":{"line":12,"column":51}},{"start":{"line":12,"column":54},"end":{"line":12,"column":77}}],"line":12}},"s":{"0":3,"1":3,"2":3,"3":5,"4":5,"5":5,"6":5,"7":0,"8":5,"9":0,"10":5,"11":5,"12":5,"13":5,"14":5,"15":5,"16":3,"17":0},"f":{"0":5,"1":5,"2":0,"3":0,"4":5,"5":0},"b":{"0":[0,3]},"_coverageSchema":"1a1c01bbd47fc00a2c39e90264f33305004495a9","hash":"882d9c3312a06b2baf4b828a4c7811dad6045bb8"}
,"/Users/ianturner/apps/kitchen-sink/src/app/pages/index.ts": {"path":"/Users/ianturner/apps/kitchen-sink/src/app/pages/index.ts","statementMap":{},"fnMap":{},"branchMap":{},"s":{},"f":{},"b":{}}
,"/Users/ianturner/apps/kitchen-sink/src/app/pages/error/Error.tsx": {"path":"/Users/ianturner/apps/kitchen-sink/src/app/pages/error/Error.tsx","statementMap":{"0":{"start":{"line":5,"column":18},"end":{"line":17,"column":1}},"1":{"start":{"line":6,"column":2},"end":{"line":16,"column":4}}},"fnMap":{"0":{"name":"(anonymous_0)","decl":{"start":{"line":5,"column":18},"end":{"line":5,"column":19}},"loc":{"start":{"line":5,"column":24},"end":{"line":17,"column":1}},"line":5}},"branchMap":{},"s":{"0":1,"1":1},"f":{"0":1},"b":{},"_coverageSchema":"1a1c01bbd47fc00a2c39e90264f33305004495a9","hash":"5759174924d1a07c8b5ea464d5a272b2a3f6493f"}
,"/Users/ianturner/apps/kitchen-sink/src/app/pages/error/index.ts": {"path":"/Users/ianturner/apps/kitchen-sink/src/app/pages/error/index.ts","statementMap":{},"fnMap":{},"branchMap":{},"s":{},"f":{},"b":{}}
,"/Users/ianturner/apps/kitchen-sink/src/app/pages/home/Home.tsx": {"path":"/Users/ianturner/apps/kitchen-sink/src/app/pages/home/Home.tsx","statementMap":{"0":{"start":{"line":8,"column":13},"end":{"line":8,"column":58}},"1":{"start":{"line":10,"column":17},"end":{"line":57,"column":1}},"2":{"start":{"line":11,"column":26},"end":{"line":11,"column":37}},"3":{"start":{"line":13,"column":19},"end":{"line":13,"column":37}},"4":{"start":{"line":15,"column":2},"end":{"line":56,"column":4}},"5":{"start":{"line":49,"column":25},"end":{"line":49,"column":53}}},"fnMap":{"0":{"name":"(anonymous_0)","decl":{"start":{"line":10,"column":17},"end":{"line":10,"column":18}},"loc":{"start":{"line":10,"column":23},"end":{"line":57,"column":1}},"line":10},"1":{"name":"(anonymous_1)","decl":{"start":{"line":49,"column":19},"end":{"line":49,"column":20}},"loc":{"start":{"line":49,"column":25},"end":{"line":49,"column":53}},"line":49}},"branchMap":{"0":{"loc":{"start":{"line":20,"column":7},"end":{"line":24,"column":7}},"type":"binary-expr","locations":[{"start":{"line":20,"column":7},"end":{"line":20,"column":18}},{"start":{"line":21,"column":8},"end":{"line":23,"column":11}}],"line":20}},"s":{"0":1,"1":1,"2":1,"3":1,"4":1,"5":0},"f":{"0":1,"1":0},"b":{"0":[1,0]},"_coverageSchema":"1a1c01bbd47fc00a2c39e90264f33305004495a9","hash":"62af4010d82517e9603fbd1a2da743313ad18f04"}
,"/Users/ianturner/apps/kitchen-sink/src/app/pages/home/index.ts": {"path":"/Users/ianturner/apps/kitchen-sink/src/app/pages/home/index.ts","statementMap":{},"fnMap":{},"branchMap":{},"s":{},"f":{},"b":{}}
,"/Users/ianturner/apps/kitchen-sink/src/app/utils/test.utils.tsx": {"path":"/Users/ianturner/apps/kitchen-sink/src/app/utils/test.utils.tsx","statementMap":{"0":{"start":{"line":6,"column":28},"end":{"line":11,"column":3}},"1":{"start":{"line":7,"column":2},"end":{"line":11,"column":3}}},"fnMap":{"0":{"name":"(anonymous_0)","decl":{"start":{"line":6,"column":28},"end":{"line":6,"column":29}},"loc":{"start":{"line":7,"column":2},"end":{"line":11,"column":3}},"line":7}},"branchMap":{"0":{"loc":{"start":{"line":6,"column":53},"end":{"line":6,"column":73}},"type":"default-arg","locations":[{"start":{"line":6,"column":71},"end":{"line":6,"column":73}}],"line":6}},"s":{"0":3,"1":5},"f":{"0":5},"b":{"0":[3]},"_coverageSchema":"1a1c01bbd47fc00a2c39e90264f33305004495a9","hash":"3a878cec5bf9a73e4640cc34b4d6d58892c36b83"}
}
