TN:
SF:src/app/App.tsx
FN:7,(anonymous_0)
FNF:1
FNH:0
FNDA:0,(anonymous_0)
DA:7,0
DA:8,0
LF:2
LH:0
BRF:0
BRH:0
end_of_record
TN:
SF:src/app/index.tsx
FNF:0
FNH:0
DA:6,0
DA:8,0
LF:2
LH:0
BRF:0
BRH:0
end_of_record
TN:
SF:src/app/providers.tsx
FN:20,(anonymous_0)
FNF:1
FNH:1
FNDA:5,(anonymous_0)
DA:18,3
DA:20,3
DA:25,5
LF:3
LH:3
BRDA:18,0,0,3
BRDA:18,0,1,3
BRDA:23,1,0,3
BRDA:29,2,0,5
BRDA:29,2,1,5
BRDA:34,3,0,5
BRDA:34,3,1,0
BRF:7
BRH:6
end_of_record
TN:
SF:src/app/store.ts
FNF:0
FNH:0
LF:0
LH:0
BRF:0
BRH:0
end_of_record
TN:
SF:src/app/components/index.ts
FNF:0
FNH:0
LF:0
LH:0
BRF:0
BRH:0
end_of_record
TN:
SF:src/app/components/button/Button.tsx
FN:6,(anonymous_0)
FNF:1
FNH:1
FNDA:10,(anonymous_0)
DA:5,4
DA:7,10
DA:15,4
LF:3
LH:3
BRF:0
BRH:0
end_of_record
TN:
SF:src/app/components/button/Button.types.ts
FNF:0
FNH:0
LF:0
LH:0
BRF:0
BRH:0
end_of_record
TN:
SF:src/app/components/button/button.styled.ts
FN:19,(anonymous_0)
FNF:1
FNH:1
FNDA:10,(anonymous_0)
DA:5,4
DA:18,4
DA:19,10
LF:3
LH:3
BRDA:19,0,0,7
BRDA:19,1,0,4
BRDA:35,2,0,10
BRDA:35,2,1,4
BRDA:54,3,0,10
BRDA:54,3,1,6
BRF:6
BRH:6
end_of_record
TN:
SF:src/app/components/button/index.ts
FNF:0
FNH:0
LF:0
LH:0
BRF:0
BRH:0
end_of_record
TN:
SF:src/app/features/index.ts
FNF:0
FNH:0
LF:0
LH:0
BRF:0
BRH:0
end_of_record
TN:
SF:src/app/features/notifications/Notifications.tsx
FN:8,(anonymous_0)
FN:13,(anonymous_1)
FN:17,(anonymous_2)
FN:20,(anonymous_3)
FN:24,(anonymous_4)
FN:32,(anonymous_5)
FNF:6
FNH:5
FNDA:2,(anonymous_0)
FNDA:2,(anonymous_1)
FNDA:2,(anonymous_2)
FNDA:1,(anonymous_3)
FNDA:2,(anonymous_4)
FNDA:0,(anonymous_5)
DA:8,3
DA:9,2
DA:11,2
DA:13,2
DA:14,2
DA:17,2
DA:18,2
DA:20,2
DA:21,1
DA:24,2
DA:25,2
DA:30,2
DA:33,0
LF:13
LH:12
BRDA:18,0,0,2
BRDA:18,0,1,0
BRF:2
BRH:1
end_of_record
TN:
SF:src/app/features/notifications/Notifications.types.ts
FNF:0
FNH:0
LF:0
LH:0
BRF:0
BRH:0
end_of_record
TN:
SF:src/app/features/notifications/index.ts
FNF:0
FNH:0
LF:0
LH:0
BRF:0
BRH:0
end_of_record
TN:
SF:src/app/features/notifications/notifications.queries.ts
FNF:0
FNH:0
DA:3,3
DA:12,3
LF:2
LH:2
BRF:0
BRH:0
end_of_record
TN:
SF:src/app/features/notifications/notifications.slice.ts
FN:10,(anonymous_0)
FN:16,(anonymous_1)
FN:23,(anonymous_2)
FN:27,(anonymous_3)
FNF:4
FNH:4
FNDA:1,(anonymous_0)
FNDA:1,(anonymous_1)
FNDA:2,(anonymous_2)
FNDA:4,(anonymous_3)
DA:4,3
DA:14,1
DA:20,1
DA:21,1
DA:27,4
DA:29,2
DA:30,1
DA:36,3
LF:8
LH:8
BRDA:29,0,0,1
BRDA:29,0,1,1
BRF:2
BRH:2
end_of_record
TN:
SF:src/app/features/notifications/notifications.styled.ts
FN:14,(anonymous_0)
FNF:1
FNH:1
FNDA:2,(anonymous_0)
DA:4,3
DA:13,3
DA:14,2
LF:3
LH:3
BRF:0
BRH:0
end_of_record
TN:
SF:src/app/features/notifications/useNotifications.ts
FN:8,(anonymous_0)
FN:24,(anonymous_1)
FN:33,(anonymous_2)
FN:40,(anonymous_3)
FN:45,(anonymous_4)
FNF:5
FNH:5
FNDA:4,(anonymous_0)
FNDA:3,(anonymous_1)
FNDA:2,(anonymous_2)
FNDA:1,(anonymous_3)
FNDA:1,(anonymous_4)
DA:8,3
DA:9,4
DA:11,4
DA:13,4
DA:23,4
DA:26,3
DA:27,3
DA:32,4
DA:37,2
DA:40,4
DA:42,1
DA:45,4
DA:47,1
DA:49,1
DA:50,1
DA:58,4
LF:16
LH:16
BRDA:26,0,0,3
BRDA:26,0,1,0
BRF:2
BRH:1
end_of_record
TN:
SF:src/app/features/notifications/components/ListItem.tsx
FN:9,(anonymous_0)
FN:16,(anonymous_1)
FN:23,(anonymous_2)
FN:26,(anonymous_3)
FN:33,(anonymous_4)
FNF:5
FNH:5
FNDA:3,(anonymous_0)
FNDA:1,(anonymous_1)
FNDA:1,(anonymous_2)
FNDA:6,(anonymous_3)
FNDA:1,(anonymous_4)
DA:9,3
DA:10,3
DA:12,3
DA:14,3
DA:16,3
DA:18,3
DA:23,1
DA:27,6
DA:33,1
LF:9
LH:9
BRF:0
BRH:0
end_of_record
TN:
SF:src/app/lib/apollo-client.ts
FNF:0
FNH:0
DA:5,3
DA:7,3
LF:2
LH:2
BRDA:5,0,0,0
BRDA:5,0,1,3
BRF:2
BRH:1
end_of_record
TN:
SF:src/app/lib/socket.tsx
FN:16,(anonymous_0)
FN:23,(anonymous_1)
FN:24,(anonymous_2)
FN:25,(anonymous_3)
FN:29,(anonymous_4)
FN:44,(anonymous_5)
FNF:6
FNH:3
FNDA:5,(anonymous_0)
FNDA:5,(anonymous_1)
FNDA:0,(anonymous_2)
FNDA:0,(anonymous_3)
FNDA:5,(anonymous_4)
FNDA:0,(anonymous_5)
DA:12,3
DA:14,3
DA:16,3
DA:18,5
DA:21,5
DA:23,5
DA:24,5
DA:25,5
DA:27,5
DA:29,5
DA:30,5
DA:31,5
DA:33,5
DA:37,5
DA:44,3
LF:15
LH:15
BRDA:12,0,0,0
BRDA:12,0,1,3
BRF:2
BRH:1
end_of_record
TN:
SF:src/app/pages/index.ts
FNF:0
FNH:0
LF:0
LH:0
BRF:0
BRH:0
end_of_record
TN:
SF:src/app/pages/error/Error.tsx
FN:5,(anonymous_0)
FNF:1
FNH:1
FNDA:1,(anonymous_0)
DA:5,1
DA:6,1
LF:2
LH:2
BRF:0
BRH:0
end_of_record
TN:
SF:src/app/pages/error/index.ts
FNF:0
FNH:0
LF:0
LH:0
BRF:0
BRH:0
end_of_record
TN:
SF:src/app/pages/home/Home.tsx
FN:10,(anonymous_0)
FN:49,(anonymous_1)
FNF:2
FNH:1
FNDA:1,(anonymous_0)
FNDA:0,(anonymous_1)
DA:8,1
DA:10,1
DA:11,1
DA:13,1
DA:15,1
DA:49,0
LF:6
LH:5
BRDA:20,0,0,1
BRDA:20,0,1,0
BRF:2
BRH:1
end_of_record
TN:
SF:src/app/pages/home/index.ts
FNF:0
FNH:0
LF:0
LH:0
BRF:0
BRH:0
end_of_record
TN:
SF:src/app/utils/test.utils.tsx
FN:6,(anonymous_0)
FNF:1
FNH:1
FNDA:5,(anonymous_0)
DA:6,3
DA:7,5
LF:2
LH:2
BRDA:6,0,0,3
BRF:1
BRH:1
end_of_record
